<?xml version="1.0" encoding="UTF-8"?>
<testsuite name="com.jojoldu.book.springboot.web.IndexControllerTest" tests="1" skipped="0" failures="0" errors="0" timestamp="2020-03-17T01:34:46" hostname="DESKTOP-SJD92E4" time="0.164">
  <properties/>
  <testcase name="메인페이지_로딩" classname="com.jojoldu.book.springboot.web.IndexControllerTest" time="0.164"/>
  <system-out><![CDATA[2020-03-17 10:34:44.577  INFO 4200 --- [    Test worker] .b.t.c.SpringBootTestContextBootstrapper : Neither @ContextConfiguration nor @ContextHierarchy found for test class [com.jojoldu.book.springboot.web.IndexControllerTest], using SpringBootContextLoader
2020-03-17 10:34:44.578  INFO 4200 --- [    Test worker] o.s.t.c.support.AbstractContextLoader    : Could not detect default resource locations for test class [com.jojoldu.book.springboot.web.IndexControllerTest]: no resource found for suffixes {-context.xml, Context.groovy}.
2020-03-17 10:34:44.578  INFO 4200 --- [    Test worker] t.c.s.AnnotationConfigContextLoaderUtils : Could not detect default configuration classes for test class [com.jojoldu.book.springboot.web.IndexControllerTest]: IndexControllerTest does not declare any static, non-private, non-final, nested classes annotated with @Configuration.
2020-03-17 10:34:44.579  INFO 4200 --- [    Test worker] .b.t.c.SpringBootTestContextBootstrapper : Found @SpringBootConfiguration com.jojoldu.book.springboot.Application for test class com.jojoldu.book.springboot.web.IndexControllerTest
2020-03-17 10:34:44.581  INFO 4200 --- [    Test worker] .b.t.c.SpringBootTestContextBootstrapper : Loaded default TestExecutionListener class names from location [META-INF/spring.factories]: [org.springframework.security.test.context.support.WithSecurityContextTestExecutionListener, org.springframework.security.test.context.support.ReactorContextTestExecutionListener, org.springframework.boot.test.autoconfigure.restdocs.RestDocsTestExecutionListener, org.springframework.boot.test.autoconfigure.web.client.MockRestServiceServerResetTestExecutionListener, org.springframework.boot.test.autoconfigure.web.servlet.MockMvcPrintOnlyOnFailureTestExecutionListener, org.springframework.boot.test.autoconfigure.web.servlet.WebDriverTestExecutionListener, org.springframework.boot.test.mock.mockito.MockitoTestExecutionListener, org.springframework.boot.test.mock.mockito.ResetMocksTestExecutionListener, org.springframework.test.context.web.ServletTestExecutionListener, org.springframework.test.context.support.DirtiesContextBeforeModesTestExecutionListener, org.springframework.test.context.support.DependencyInjectionTestExecutionListener, org.springframework.test.context.support.DirtiesContextTestExecutionListener, org.springframework.test.context.transaction.TransactionalTestExecutionListener, org.springframework.test.context.jdbc.SqlScriptsTestExecutionListener]
2020-03-17 10:34:44.582  INFO 4200 --- [    Test worker] .b.t.c.SpringBootTestContextBootstrapper : Using TestExecutionListeners: [org.springframework.test.context.web.ServletTestExecutionListener@1a36e16f, org.springframework.test.context.support.DirtiesContextBeforeModesTestExecutionListener@7c97c389, org.springframework.boot.test.mock.mockito.MockitoTestExecutionListener@b2982ce, org.springframework.boot.test.autoconfigure.SpringBootDependencyInjectionTestExecutionListener@7976cc45, org.springframework.test.context.support.DirtiesContextTestExecutionListener@5466679d, org.springframework.test.context.transaction.TransactionalTestExecutionListener@162f6d13, org.springframework.test.context.jdbc.SqlScriptsTestExecutionListener@5157b2ea, org.springframework.security.test.context.support.WithSecurityContextTestExecutionListener@1e8c5861, org.springframework.security.test.context.support.ReactorContextTestExecutionListener@79b18ea2, org.springframework.boot.test.autoconfigure.restdocs.RestDocsTestExecutionListener@141b3372, org.springframework.boot.test.autoconfigure.web.client.MockRestServiceServerResetTestExecutionListener@78b703f9, org.springframework.boot.test.autoconfigure.web.servlet.MockMvcPrintOnlyOnFailureTestExecutionListener@48403de, org.springframework.boot.test.autoconfigure.web.servlet.WebDriverTestExecutionListener@71b54972, org.springframework.boot.test.mock.mockito.ResetMocksTestExecutionListener@3c786495]

  .   ____          _            __ _ _
 /\\ / ___'_ __ _ _(_)_ __  __ _ \ \ \ \
( ( )\___ | '_ | '_| | '_ \/ _` | \ \ \ \
 \\/  ___)| |_)| | | | | || (_| |  ) ) ) )
  '  |____| .__|_| |_|_| |_\__, | / / / /
 =========|_|==============|___/=/_/_/_/
 :: Spring Boot ::        (v2.1.9.RELEASE)

2020-03-17 10:34:44.609  INFO 4200 --- [    Test worker] c.j.b.s.web.IndexControllerTest          : Starting IndexControllerTest on DESKTOP-SJD92E4 with PID 4200 (started by any9 in D:\Tricycle\Version\freelec-springboot2-webservice)
2020-03-17 10:34:44.609  INFO 4200 --- [    Test worker] c.j.b.s.web.IndexControllerTest          : No active profile set, falling back to default profiles: default
2020-03-17 10:34:44.747  INFO 4200 --- [    Test worker] .s.d.r.c.RepositoryConfigurationDelegate : Bootstrapping Spring Data repositories in DEFAULT mode.
2020-03-17 10:34:44.758  INFO 4200 --- [    Test worker] .s.d.r.c.RepositoryConfigurationDelegate : Finished Spring Data repository scanning in 11ms. Found 2 repository interfaces.
2020-03-17 10:34:44.830  INFO 4200 --- [    Test worker] trationDelegate$BeanPostProcessorChecker : Bean 'org.springframework.transaction.annotation.ProxyTransactionManagementConfiguration' of type [org.springframework.transaction.annotation.ProxyTransactionManagementConfiguration$$EnhancerBySpringCGLIB$$c0f52efb] is not eligible for getting processed by all BeanPostProcessors (for example: not eligible for auto-proxying)
2020-03-17 10:34:45.055  INFO 4200 --- [    Test worker] o.s.b.w.embedded.tomcat.TomcatWebServer  : Tomcat initialized with port(s): 0 (http)
2020-03-17 10:34:45.081  INFO 4200 --- [    Test worker] o.apache.catalina.core.StandardService   : Starting service [Tomcat]
2020-03-17 10:34:45.082  INFO 4200 --- [    Test worker] org.apache.catalina.core.StandardEngine  : Starting Servlet engine: [Apache Tomcat/9.0.26]
2020-03-17 10:34:45.227  INFO 4200 --- [    Test worker] o.a.c.c.C.[Tomcat].[localhost].[/]       : Initializing Spring embedded WebApplicationContext
2020-03-17 10:34:45.228  INFO 4200 --- [    Test worker] o.s.web.context.ContextLoader            : Root WebApplicationContext: initialization completed in 616 ms
2020-03-17 10:34:45.408  INFO 4200 --- [    Test worker] com.zaxxer.hikari.HikariDataSource       : HikariPool-2 - Starting...
2020-03-17 10:34:45.409  INFO 4200 --- [    Test worker] com.zaxxer.hikari.HikariDataSource       : HikariPool-2 - Start completed.
2020-03-17 10:34:45.436  INFO 4200 --- [    Test worker] o.hibernate.jpa.internal.util.LogHelper  : HHH000204: Processing PersistenceUnitInfo [
	name: default
	...]
2020-03-17 10:34:45.441  INFO 4200 --- [    Test worker] org.hibernate.dialect.Dialect            : HHH000400: Using dialect: org.hibernate.dialect.MySQL5InnoDBDialect
Hibernate: drop table if exists posts
Hibernate: drop table if exists user
Hibernate: create table posts (id bigint not null auto_increment, created_date datetime, modified_date datetime, author varchar(255), content TEXT not null, title varchar(500) not null, primary key (id)) engine=InnoDB
Hibernate: create table user (id bigint not null auto_increment, created_date datetime, modified_date datetime, email varchar(255) not null, name varchar(255) not null, picture varchar(255), role varchar(255) not null, primary key (id)) engine=InnoDB
2020-03-17 10:34:45.488  INFO 4200 --- [    Test worker] o.h.t.schema.internal.SchemaCreatorImpl  : HHH000476: Executing import script 'org.hibernate.tool.schema.internal.exec.ScriptSourceInputNonExistentImpl@f2f9315'
2020-03-17 10:34:45.489  INFO 4200 --- [    Test worker] j.LocalContainerEntityManagerFactoryBean : Initialized JPA EntityManagerFactory for persistence unit 'default'
2020-03-17 10:34:45.745  INFO 4200 --- [    Test worker] o.h.h.i.QueryTranslatorFactoryInitiator  : HHH000397: Using ASTQueryTranslatorFactory
2020-03-17 10:34:45.869  INFO 4200 --- [    Test worker] o.s.s.web.DefaultSecurityFilterChain     : Creating filter chain: any request, [org.springframework.security.web.context.request.async.WebAsyncManagerIntegrationFilter@6be28c84, org.springframework.security.web.context.SecurityContextPersistenceFilter@1a88f5b5, org.springframework.security.web.header.HeaderWriterFilter@15f5e60b, org.springframework.security.web.authentication.logout.LogoutFilter@45a0809d, org.springframework.security.oauth2.client.web.OAuth2AuthorizationRequestRedirectFilter@1887e6e0, org.springframework.security.oauth2.client.web.OAuth2LoginAuthenticationFilter@a4b5db1, org.springframework.security.web.authentication.ui.DefaultLoginPageGeneratingFilter@1858fb7e, org.springframework.security.web.authentication.ui.DefaultLogoutPageGeneratingFilter@f8e604f, org.springframework.security.web.savedrequest.RequestCacheAwareFilter@750e5e5, org.springframework.security.web.servletapi.SecurityContextHolderAwareRequestFilter@3d2f9eba, org.springframework.security.web.authentication.AnonymousAuthenticationFilter@281937b8, org.springframework.security.web.session.SessionManagementFilter@94a8c1, org.springframework.security.web.access.ExceptionTranslationFilter@26b77e47, org.springframework.security.web.access.intercept.FilterSecurityInterceptor@74c2195e]
2020-03-17 10:34:46.019  INFO 4200 --- [    Test worker] o.s.s.concurrent.ThreadPoolTaskExecutor  : Initializing ExecutorService 'applicationTaskExecutor'
2020-03-17 10:34:46.028  WARN 4200 --- [    Test worker] aWebConfiguration$JpaWebMvcConfiguration : spring.jpa.open-in-view is enabled by default. Therefore, database queries may be performed during view rendering. Explicitly configure spring.jpa.open-in-view to disable this warning
2020-03-17 10:34:46.049  INFO 4200 --- [    Test worker] o.s.b.a.w.s.WelcomePageHandlerMapping    : Adding welcome page template: index
2020-03-17 10:34:46.256  INFO 4200 --- [    Test worker] s.a.ScheduledAnnotationBeanPostProcessor : No TaskScheduler/ScheduledExecutorService bean found for scheduled processing
2020-03-17 10:34:46.271  INFO 4200 --- [    Test worker] o.s.b.w.embedded.tomcat.TomcatWebServer  : Tomcat started on port(s): 49284 (http) with context path ''
2020-03-17 10:34:46.271  INFO 4200 --- [    Test worker] c.j.b.s.web.IndexControllerTest          : Started IndexControllerTest in 1.687 seconds (JVM running for 9.289)
2020-03-17 10:34:46.344  INFO 4200 --- [o-auto-1-exec-1] o.a.c.c.C.[Tomcat].[localhost].[/]       : Initializing Spring DispatcherServlet 'dispatcherServlet'
2020-03-17 10:34:46.344  INFO 4200 --- [o-auto-1-exec-1] o.s.web.servlet.DispatcherServlet        : Initializing Servlet 'dispatcherServlet'
2020-03-17 10:34:46.366  INFO 4200 --- [o-auto-1-exec-1] o.s.web.servlet.DispatcherServlet        : Completed initialization in 22 ms
Hibernate: select posts0_.id as id1_0_, posts0_.created_date as created_2_0_, posts0_.modified_date as modified3_0_, posts0_.author as author4_0_, posts0_.content as content5_0_, posts0_.title as title6_0_ from posts posts0_ order by posts0_.id, posts0_.id DESC
]]></system-out>
  <system-err><![CDATA[]]></system-err>
</testsuite>
