<?xml version="1.0" encoding="UTF-8"?>
<testsuite name="com.jojoldu.book.springboot.web.HelloControllerTest" tests="2" skipped="0" failures="0" errors="0" timestamp="2020-03-17T01:34:44" hostname="DESKTOP-SJD92E4" time="0.134">
  <properties/>
  <testcase name="hello가_리턴된다" classname="com.jojoldu.book.springboot.web.HelloControllerTest" time="0.052"/>
  <testcase name="CheckDtoValue" classname="com.jojoldu.book.springboot.web.HelloControllerTest" time="0.081"/>
  <system-out><![CDATA[2020-03-17 10:34:43.705  INFO 4200 --- [    Test worker] .b.t.a.w.s.WebMvcTestContextBootstrapper : Neither @ContextConfiguration nor @ContextHierarchy found for test class [com.jojoldu.book.springboot.web.HelloControllerTest], using SpringBootContextLoader
2020-03-17 10:34:43.706  INFO 4200 --- [    Test worker] o.s.t.c.support.AbstractContextLoader    : Could not detect default resource locations for test class [com.jojoldu.book.springboot.web.HelloControllerTest]: no resource found for suffixes {-context.xml, Context.groovy}.
2020-03-17 10:34:43.706  INFO 4200 --- [    Test worker] t.c.s.AnnotationConfigContextLoaderUtils : Could not detect default configuration classes for test class [com.jojoldu.book.springboot.web.HelloControllerTest]: HelloControllerTest does not declare any static, non-private, non-final, nested classes annotated with @Configuration.
2020-03-17 10:34:43.724  INFO 4200 --- [    Test worker] .b.t.c.SpringBootTestContextBootstrapper : Found @SpringBootConfiguration com.jojoldu.book.springboot.Application for test class com.jojoldu.book.springboot.web.HelloControllerTest
2020-03-17 10:34:43.725  INFO 4200 --- [    Test worker] .b.t.a.w.s.WebMvcTestContextBootstrapper : Loaded default TestExecutionListener class names from location [META-INF/spring.factories]: [org.springframework.security.test.context.support.WithSecurityContextTestExecutionListener, org.springframework.security.test.context.support.ReactorContextTestExecutionListener, org.springframework.boot.test.autoconfigure.restdocs.RestDocsTestExecutionListener, org.springframework.boot.test.autoconfigure.web.client.MockRestServiceServerResetTestExecutionListener, org.springframework.boot.test.autoconfigure.web.servlet.MockMvcPrintOnlyOnFailureTestExecutionListener, org.springframework.boot.test.autoconfigure.web.servlet.WebDriverTestExecutionListener, org.springframework.boot.test.mock.mockito.MockitoTestExecutionListener, org.springframework.boot.test.mock.mockito.ResetMocksTestExecutionListener, org.springframework.test.context.web.ServletTestExecutionListener, org.springframework.test.context.support.DirtiesContextBeforeModesTestExecutionListener, org.springframework.test.context.support.DependencyInjectionTestExecutionListener, org.springframework.test.context.support.DirtiesContextTestExecutionListener, org.springframework.test.context.transaction.TransactionalTestExecutionListener, org.springframework.test.context.jdbc.SqlScriptsTestExecutionListener]
2020-03-17 10:34:43.726  INFO 4200 --- [    Test worker] .b.t.a.w.s.WebMvcTestContextBootstrapper : Using TestExecutionListeners: [org.springframework.test.context.web.ServletTestExecutionListener@4381e695, org.springframework.test.context.support.DirtiesContextBeforeModesTestExecutionListener@2987c922, org.springframework.boot.test.mock.mockito.MockitoTestExecutionListener@463eaff1, org.springframework.boot.test.autoconfigure.SpringBootDependencyInjectionTestExecutionListener@233d4bf0, org.springframework.test.context.support.DirtiesContextTestExecutionListener@6fc4a44c, org.springframework.test.context.transaction.TransactionalTestExecutionListener@781dae4f, org.springframework.test.context.jdbc.SqlScriptsTestExecutionListener@4b6fd79a, org.springframework.security.test.context.support.WithSecurityContextTestExecutionListener@24467cc, org.springframework.security.test.context.support.ReactorContextTestExecutionListener@4868550c, org.springframework.boot.test.autoconfigure.restdocs.RestDocsTestExecutionListener@5d12e598, org.springframework.boot.test.autoconfigure.web.client.MockRestServiceServerResetTestExecutionListener@68743aa7, org.springframework.boot.test.autoconfigure.web.servlet.MockMvcPrintOnlyOnFailureTestExecutionListener@49af5a62, org.springframework.boot.test.autoconfigure.web.servlet.WebDriverTestExecutionListener@4365a66e, org.springframework.boot.test.mock.mockito.ResetMocksTestExecutionListener@991b5bf]

  .   ____          _            __ _ _
 /\\ / ___'_ __ _ _(_)_ __  __ _ \ \ \ \
( ( )\___ | '_ | '_| | '_ \/ _` | \ \ \ \
 \\/  ___)| |_)| | | | | || (_| |  ) ) ) )
  '  |____| .__|_| |_|_| |_\__, | / / / /
 =========|_|==============|___/=/_/_/_/
 :: Spring Boot ::        (v2.1.9.RELEASE)

2020-03-17 10:34:43.751  INFO 4200 --- [    Test worker] c.j.b.s.web.HelloControllerTest          : Starting HelloControllerTest on DESKTOP-SJD92E4 with PID 4200 (started by any9 in D:\Tricycle\Version\freelec-springboot2-webservice)
2020-03-17 10:34:43.752  INFO 4200 --- [    Test worker] c.j.b.s.web.HelloControllerTest          : No active profile set, falling back to default profiles: default
2020-03-17 10:34:44.103  INFO 4200 --- [    Test worker] o.s.s.concurrent.ThreadPoolTaskExecutor  : Initializing ExecutorService 'applicationTaskExecutor'
2020-03-17 10:34:44.126  INFO 4200 --- [    Test worker] o.s.b.a.w.s.WelcomePageHandlerMapping    : Adding welcome page template: index
2020-03-17 10:34:44.276  INFO 4200 --- [    Test worker] .s.s.UserDetailsServiceAutoConfiguration : 

Using generated security password: a949fbfb-a5a6-47d4-ab48-5edd2aebd506

2020-03-17 10:34:44.378  INFO 4200 --- [    Test worker] o.s.s.web.DefaultSecurityFilterChain     : Creating filter chain: any request, [org.springframework.security.web.context.request.async.WebAsyncManagerIntegrationFilter@46b1ff86, org.springframework.security.web.context.SecurityContextPersistenceFilter@12fb13a7, org.springframework.security.web.header.HeaderWriterFilter@1d237ba8, org.springframework.security.web.csrf.CsrfFilter@75942a01, org.springframework.security.web.authentication.logout.LogoutFilter@630fb905, org.springframework.security.web.authentication.UsernamePasswordAuthenticationFilter@364c0f08, org.springframework.security.web.authentication.ui.DefaultLoginPageGeneratingFilter@698da8dd, org.springframework.security.web.authentication.ui.DefaultLogoutPageGeneratingFilter@634f36df, org.springframework.security.web.authentication.www.BasicAuthenticationFilter@aad525b, org.springframework.security.web.savedrequest.RequestCacheAwareFilter@3ae24958, org.springframework.security.web.servletapi.SecurityContextHolderAwareRequestFilter@3c1a8b97, org.springframework.security.web.authentication.AnonymousAuthenticationFilter@3109f67, org.springframework.security.web.session.SessionManagementFilter@49339e2f, org.springframework.security.web.access.ExceptionTranslationFilter@513f21c9, org.springframework.security.web.access.intercept.FilterSecurityInterceptor@501dc404]
2020-03-17 10:34:44.404  INFO 4200 --- [    Test worker] o.s.b.t.m.w.SpringBootMockServletContext : Initializing Spring TestDispatcherServlet ''
2020-03-17 10:34:44.404  INFO 4200 --- [    Test worker] o.s.t.web.servlet.TestDispatcherServlet  : Initializing Servlet ''
2020-03-17 10:34:44.413  INFO 4200 --- [    Test worker] o.s.t.web.servlet.TestDispatcherServlet  : Completed initialization in 9 ms
2020-03-17 10:34:44.438  INFO 4200 --- [    Test worker] c.j.b.s.web.HelloControllerTest          : Started HelloControllerTest in 0.709 seconds (JVM running for 7.455)
]]></system-out>
  <system-err><![CDATA[]]></system-err>
</testsuite>
