<?xml version="1.0" encoding="UTF-8"?>
<testsuite name="com.jojoldu.book.springboot.web.HelloControllerTest" tests="2" skipped="0" failures="0" errors="0" timestamp="2020-03-17T01:52:57" hostname="DESKTOP-SJD92E4" time="0.128">
  <properties/>
  <testcase name="hello가_리턴된다" classname="com.jojoldu.book.springboot.web.HelloControllerTest" time="0.061"/>
  <testcase name="CheckDtoValue" classname="com.jojoldu.book.springboot.web.HelloControllerTest" time="0.067"/>
  <system-out><![CDATA[2020-03-17 10:52:56.464  INFO 5008 --- [    Test worker] .b.t.a.w.s.WebMvcTestContextBootstrapper : Neither @ContextConfiguration nor @ContextHierarchy found for test class [com.jojoldu.book.springboot.web.HelloControllerTest], using SpringBootContextLoader
2020-03-17 10:52:56.465  INFO 5008 --- [    Test worker] o.s.t.c.support.AbstractContextLoader    : Could not detect default resource locations for test class [com.jojoldu.book.springboot.web.HelloControllerTest]: no resource found for suffixes {-context.xml, Context.groovy}.
2020-03-17 10:52:56.465  INFO 5008 --- [    Test worker] t.c.s.AnnotationConfigContextLoaderUtils : Could not detect default configuration classes for test class [com.jojoldu.book.springboot.web.HelloControllerTest]: HelloControllerTest does not declare any static, non-private, non-final, nested classes annotated with @Configuration.
2020-03-17 10:52:56.482  INFO 5008 --- [    Test worker] .b.t.c.SpringBootTestContextBootstrapper : Found @SpringBootConfiguration com.jojoldu.book.springboot.Application for test class com.jojoldu.book.springboot.web.HelloControllerTest
2020-03-17 10:52:56.482  INFO 5008 --- [    Test worker] .b.t.a.w.s.WebMvcTestContextBootstrapper : Loaded default TestExecutionListener class names from location [META-INF/spring.factories]: [org.springframework.security.test.context.support.WithSecurityContextTestExecutionListener, org.springframework.security.test.context.support.ReactorContextTestExecutionListener, org.springframework.boot.test.autoconfigure.restdocs.RestDocsTestExecutionListener, org.springframework.boot.test.autoconfigure.web.client.MockRestServiceServerResetTestExecutionListener, org.springframework.boot.test.autoconfigure.web.servlet.MockMvcPrintOnlyOnFailureTestExecutionListener, org.springframework.boot.test.autoconfigure.web.servlet.WebDriverTestExecutionListener, org.springframework.boot.test.mock.mockito.MockitoTestExecutionListener, org.springframework.boot.test.mock.mockito.ResetMocksTestExecutionListener, org.springframework.test.context.web.ServletTestExecutionListener, org.springframework.test.context.support.DirtiesContextBeforeModesTestExecutionListener, org.springframework.test.context.support.DependencyInjectionTestExecutionListener, org.springframework.test.context.support.DirtiesContextTestExecutionListener, org.springframework.test.context.transaction.TransactionalTestExecutionListener, org.springframework.test.context.jdbc.SqlScriptsTestExecutionListener]
2020-03-17 10:52:56.483  INFO 5008 --- [    Test worker] .b.t.a.w.s.WebMvcTestContextBootstrapper : Using TestExecutionListeners: [org.springframework.test.context.web.ServletTestExecutionListener@72cc01c0, org.springframework.test.context.support.DirtiesContextBeforeModesTestExecutionListener@229b8b8b, org.springframework.boot.test.mock.mockito.MockitoTestExecutionListener@5b7cf5b1, org.springframework.boot.test.autoconfigure.SpringBootDependencyInjectionTestExecutionListener@4db68563, org.springframework.test.context.support.DirtiesContextTestExecutionListener@5f665f14, org.springframework.test.context.transaction.TransactionalTestExecutionListener@215f50a0, org.springframework.test.context.jdbc.SqlScriptsTestExecutionListener@1d32f847, org.springframework.security.test.context.support.WithSecurityContextTestExecutionListener@64d6eb1f, org.springframework.security.test.context.support.ReactorContextTestExecutionListener@9a5966e, org.springframework.boot.test.autoconfigure.restdocs.RestDocsTestExecutionListener@52a41daa, org.springframework.boot.test.autoconfigure.web.client.MockRestServiceServerResetTestExecutionListener@585e3779, org.springframework.boot.test.autoconfigure.web.servlet.MockMvcPrintOnlyOnFailureTestExecutionListener@b83b17e, org.springframework.boot.test.autoconfigure.web.servlet.WebDriverTestExecutionListener@2eb05086, org.springframework.boot.test.mock.mockito.ResetMocksTestExecutionListener@5c0b41b7]

  .   ____          _            __ _ _
 /\\ / ___'_ __ _ _(_)_ __  __ _ \ \ \ \
( ( )\___ | '_ | '_| | '_ \/ _` | \ \ \ \
 \\/  ___)| |_)| | | | | || (_| |  ) ) ) )
  '  |____| .__|_| |_|_| |_\__, | / / / /
 =========|_|==============|___/=/_/_/_/
 :: Spring Boot ::        (v2.1.9.RELEASE)

2020-03-17 10:52:56.504  INFO 5008 --- [    Test worker] c.j.b.s.web.HelloControllerTest          : Starting HelloControllerTest on DESKTOP-SJD92E4 with PID 5008 (started by any9 in D:\Tricycle\Version\freelec-springboot2-webservice)
2020-03-17 10:52:56.505  INFO 5008 --- [    Test worker] c.j.b.s.web.HelloControllerTest          : No active profile set, falling back to default profiles: default
2020-03-17 10:52:56.830  INFO 5008 --- [    Test worker] o.s.s.concurrent.ThreadPoolTaskExecutor  : Initializing ExecutorService 'applicationTaskExecutor'
2020-03-17 10:52:56.854  INFO 5008 --- [    Test worker] o.s.b.a.w.s.WelcomePageHandlerMapping    : Adding welcome page template: index
2020-03-17 10:52:57.017  INFO 5008 --- [    Test worker] .s.s.UserDetailsServiceAutoConfiguration : 

Using generated security password: 617a62fe-79ce-4b95-8925-faf70064d6fb

2020-03-17 10:52:57.122  INFO 5008 --- [    Test worker] o.s.s.web.DefaultSecurityFilterChain     : Creating filter chain: any request, [org.springframework.security.web.context.request.async.WebAsyncManagerIntegrationFilter@35a8858, org.springframework.security.web.context.SecurityContextPersistenceFilter@2503a3bb, org.springframework.security.web.header.HeaderWriterFilter@64b88c0e, org.springframework.security.web.csrf.CsrfFilter@6041b265, org.springframework.security.web.authentication.logout.LogoutFilter@50677bfd, org.springframework.security.web.authentication.UsernamePasswordAuthenticationFilter@53780d4, org.springframework.security.web.authentication.ui.DefaultLoginPageGeneratingFilter@9e11831, org.springframework.security.web.authentication.ui.DefaultLogoutPageGeneratingFilter@7a96cdc, org.springframework.security.web.authentication.www.BasicAuthenticationFilter@7ae0ea65, org.springframework.security.web.savedrequest.RequestCacheAwareFilter@1eea9452, org.springframework.security.web.servletapi.SecurityContextHolderAwareRequestFilter@3e92b37d, org.springframework.security.web.authentication.AnonymousAuthenticationFilter@7ae71d8e, org.springframework.security.web.session.SessionManagementFilter@907c866, org.springframework.security.web.access.ExceptionTranslationFilter@66dbb138, org.springframework.security.web.access.intercept.FilterSecurityInterceptor@621c1186]
2020-03-17 10:52:57.147  INFO 5008 --- [    Test worker] o.s.b.t.m.w.SpringBootMockServletContext : Initializing Spring TestDispatcherServlet ''
2020-03-17 10:52:57.148  INFO 5008 --- [    Test worker] o.s.t.web.servlet.TestDispatcherServlet  : Initializing Servlet ''
2020-03-17 10:52:57.160  INFO 5008 --- [    Test worker] o.s.t.web.servlet.TestDispatcherServlet  : Completed initialization in 12 ms
2020-03-17 10:52:57.179  INFO 5008 --- [    Test worker] c.j.b.s.web.HelloControllerTest          : Started HelloControllerTest in 0.695 seconds (JVM running for 7.562)
]]></system-out>
  <system-err><![CDATA[]]></system-err>
</testsuite>
